Watching for file changes with StatReloader
"GET /blog/ HTTP/1.1" 200 6617
"GET /blog/ HTTP/1.1" 200 6617
"GET /blog/ HTTP/1.1" 200 6617
"GET /blog/ HTTP/1.1" 200 6617
"GET /admin/blog/post/?publish__gte=2026-05-04+00%3A00%3A00%2B00%3A00&publish__lt=2026-05-05+00%3A00%3A00%2B00%3A00 HTTP/1.1" 200 19704
"GET /admin/jsi18n/ HTTP/1.1" 200 3342
"GET /admin/blog/post/15/change/?_changelist_filters=publish__gte%3D2026-05-04%2B00%253A00%253A00%252B00%253A00%26publish__lt%3D2026-05-05%2B00%253A00%253A00%252B00%253A00 HTTP/1.1" 200 17560
"GET /static/admin/js/calendar.js HTTP/1.1" 200 9159
"GET /static/admin/css/forms.css HTTP/1.1" 200 8817
"GET /static/admin/js/prepopulate_init.js HTTP/1.1" 200 586
"GET /static/admin/js/admin/DateTimeShortcuts.js HTTP/1.1" 200 19698
"GET /static/markdownx/js/markdownx.js HTTP/1.1" 200 32567
"GET /admin/jsi18n/ HTTP/1.1" 200 3342
"GET /static/admin/css/widgets.css HTTP/1.1" 200 11811
"GET /static/admin/js/change_form.js HTTP/1.1" 200 606
"GET /static/admin/img/tooltag-arrowright.svg HTTP/1.1" 200 569
Not Found: /markdownx/markdownify/
"POST /markdownx/markdownify/ HTTP/1.1" 404 2592
"GET /static/admin/img/icon-calendar.svg HTTP/1.1" 200 1112
"GET /static/admin/img/icon-clock.svg HTTP/1.1" 200 805
"GET /admin/blog/post/?publish__gte=2026-05-04+00%3A00%3A00%2B00%3A00&publish__lt=2026-05-05+00%3A00%3A00%2B00%3A00 HTTP/1.1" 200 19704
"GET /admin/blog/post/15/change/?_changelist_filters=publish__gte%3D2026-05-04%2B00%253A00%253A00%252B00%253A00%26publish__lt%3D2026-05-05%2B00%253A00%253A00%252B00%253A00 HTTP/1.1" 200 17560
"GET /admin/jsi18n/ HTTP/1.1" 200 3342
Not Found: /markdownx/markdownify/
"POST /markdownx/markdownify/ HTTP/1.1" 404 2592
"GET /admin/blog/post/?publish__gte=2026-05-04+00%3A00%3A00%2B00%3A00&publish__lt=2026-05-05+00%3A00%3A00%2B00%3A00 HTTP/1.1" 200 19704
"GET /admin/blog/post/ HTTP/1.1" 200 23556
"GET /admin/jsi18n/ HTTP/1.1" 200 3342
"GET /admin/blog/post/15/change/ HTTP/1.1" 200 17133
"GET /admin/jsi18n/ HTTP/1.1" 200 3342
Not Found: /markdownx/markdownify/
"POST /markdownx/markdownify/ HTTP/1.1" 404 2592
"GET /admin/blog/post/ HTTP/1.1" 200 23556
"GET /admin/blog/post/9/change/ HTTP/1.1" 200 17113
"GET /admin/jsi18n/ HTTP/1.1" 200 3342
Not Found: /markdownx/markdownify/
"POST /markdownx/markdownify/ HTTP/1.1" 404 2592
"GET /admin/blog/post/ HTTP/1.1" 200 23556
"GET /admin/blog/post/4/change/ HTTP/1.1" 200 17168
"GET /admin/jsi18n/ HTTP/1.1" 200 3342
Not Found: /markdownx/markdownify/
"POST /markdownx/markdownify/ HTTP/1.1" 404 2592
/app/my_site/urls.py changed, reloading.
Watching for file changes with StatReloader
/app/my_site/urls.py changed, reloading.
Watching for file changes with StatReloader
"GET /admin/blog/post/ HTTP/1.1" 200 23556
"GET /admin/blog/post/5/change/ HTTP/1.1" 200 17175
"GET /admin/jsi18n/ HTTP/1.1" 200 3342
"POST /markdownx/markdownify/ HTTP/1.1" 200 82
"GET /admin/blog/post/ HTTP/1.1" 200 23556
"GET /admin/blog/post/9/change/ HTTP/1.1" 200 17113
"GET /admin/jsi18n/ HTTP/1.1" 200 3342
"POST /markdownx/markdownify/ HTTP/1.1" 200 55
Watching for file changes with StatReloader
"GET /admin/blog/post/9/change/ HTTP/1.1" 200 17113
"GET /admin/blog/post/9/change/ HTTP/1.1" 200 17113
"GET /admin/jsi18n/ HTTP/1.1" 200 3342
"POST /markdownx/markdownify/ HTTP/1.1" 200 55
"GET /admin/blog/post/ HTTP/1.1" 200 23556
"GET /admin/blog/post/15/change/ HTTP/1.1" 200 17133
"GET /admin/jsi18n/ HTTP/1.1" 200 3342
"POST /markdownx/markdownify/ HTTP/1.1" 200 181
"GET /admin/blog/post/ HTTP/1.1" 200 23556
"GET /admin/blog/post/1/change/ HTTP/1.1" 200 17131
"GET /admin/jsi18n/ HTTP/1.1" 200 3342
"POST /markdownx/markdownify/ HTTP/1.1" 200 68
"GET /admin/blog/post/ HTTP/1.1" 200 23556
"GET /admin/blog/post/15/change/ HTTP/1.1" 200 17133
"GET /admin/jsi18n/ HTTP/1.1" 200 3342
"POST /markdownx/markdownify/ HTTP/1.1" 200 181
"GET /admin/blog/post/ HTTP/1.1" 200 23556
"GET /admin/blog/post/5/change/ HTTP/1.1" 200 17175
"GET /admin/jsi18n/ HTTP/1.1" 200 3342
"POST /markdownx/markdownify/ HTTP/1.1" 200 82
"GET /admin/blog/post/ HTTP/1.1" 200 23556
"GET /admin/blog/post/11/change/ HTTP/1.1" 200 17026
"GET /admin/jsi18n/ HTTP/1.1" 200 3342
"POST /markdownx/markdownify/ HTTP/1.1" 200 22
"GET /admin/blog/post/ HTTP/1.1" 200 23556
"GET /admin/blog/post/15/change/ HTTP/1.1" 200 17133
"GET /admin/jsi18n/ HTTP/1.1" 200 3342
"POST /markdownx/markdownify/ HTTP/1.1" 200 181
/app/blog/admin.py changed, reloading.
Watching for file changes with StatReloader
Watching for file changes with StatReloader
"GET /admin/blog/post/15/change/ HTTP/1.1" 200 17214
"GET /admin/jsi18n/ HTTP/1.1" 200 3342
"GET /static/admin/css/markdownx_admin.css HTTP/1.1" 200 320
"POST /markdownx/markdownify/ HTTP/1.1" 200 181
"GET /admin/blog/post/15/change/ HTTP/1.1" 200 17214
"GET /admin/jsi18n/ HTTP/1.1" 200 3342
"GET /static/admin/css/markdownx_admin.css HTTP/1.1" 200 1379
"POST /markdownx/markdownify/ HTTP/1.1" 200 181
"GET /blog/ HTTP/1.1" 200 6617
"GET /blog/ HTTP/1.1" 200 6617
"GET /blog/ HTTP/1.1" 200 6617
"GET /blog/2026/5/4/test-markdown/ HTTP/1.1" 200 3170
"GET /blog/2026/5/4/test-markdown/ HTTP/1.1" 200 3170
Internal Server Error: /blog/
Traceback (most recent call last):
  File "/usr/local/lib/python3.12/site-packages/django/template/backends/django.py", line 107, in render
    return self.template.render(context)
           ^^^^^^^^^^^^^^^^^^^^^^^^^^^^^
  File "/usr/local/lib/python3.12/site-packages/django/template/base.py", line 174, in render
    return self._render(context)
           ^^^^^^^^^^^^^^^^^^^^^
  File "/usr/local/lib/python3.12/site-packages/django/template/base.py", line 166, in _render
    return self.nodelist.render(context)
           ^^^^^^^^^^^^^^^^^^^^^^^^^^^^^
  File "/usr/local/lib/python3.12/site-packages/django/template/base.py", line 1091, in render
    return SafeString("".join([node.render_annotated(context) for node in self]))
                               ^^^^^^^^^^^^^^^^^^^^^^^^^^^^^^
  File "/usr/local/lib/python3.12/site-packages/django/template/base.py", line 1052, in render_annotated
    return self.render(context)
           ^^^^^^^^^^^^^^^^^^^^
  File "/usr/local/lib/python3.12/site-packages/django/template/loader_tags.py", line 160, in render
    return compiled_parent._render(context)
           ^^^^^^^^^^^^^^^^^^^^^^^^^^^^^^^^
  File "/usr/local/lib/python3.12/site-packages/django/template/base.py", line 166, in _render
    return self.nodelist.render(context)
           ^^^^^^^^^^^^^^^^^^^^^^^^^^^^^
  File "/usr/local/lib/python3.12/site-packages/django/template/base.py", line 1091, in render
    return SafeString("".join([node.render_annotated(context) for node in self]))
                               ^^^^^^^^^^^^^^^^^^^^^^^^^^^^^^
  File "/usr/local/lib/python3.12/site-packages/django/template/base.py", line 1052, in render_annotated
    return self.render(context)
           ^^^^^^^^^^^^^^^^^^^^
  File "/usr/local/lib/python3.12/site-packages/django/template/loader_tags.py", line 66, in render
    result = block.nodelist.render(context)
             ^^^^^^^^^^^^^^^^^^^^^^^^^^^^^^
  File "/usr/local/lib/python3.12/site-packages/django/template/base.py", line 1091, in render
    return SafeString("".join([node.render_annotated(context) for node in self]))
                               ^^^^^^^^^^^^^^^^^^^^^^^^^^^^^^
  File "/usr/local/lib/python3.12/site-packages/django/template/base.py", line 1052, in render_annotated
    return self.render(context)
           ^^^^^^^^^^^^^^^^^^^^
  File "/usr/local/lib/python3.12/site-packages/django/template/loader_tags.py", line 200, in render
    template = context.template.engine.select_template(template_name)
               ^^^^^^^^^^^^^^^^^^^^^^^^^^^^^^^^^^^^^^^^^^^^^^^^^^^^^^
  File "/usr/local/lib/python3.12/site-packages/django/template/engine.py", line 234, in select_template
    raise TemplateDoesNotExist(", ".join(not_found))
django.template.exceptions.TemplateDoesNotExist: pagination.html

The above exception was the direct cause of the following exception:

Traceback (most recent call last):
  File "/usr/local/lib/python3.12/site-packages/django/core/handlers/exception.py", line 55, in inner
    response = get_response(request)
               ^^^^^^^^^^^^^^^^^^^^^
  File "/usr/local/lib/python3.12/site-packages/django/core/handlers/base.py", line 198, in _get_response
    response = wrapped_callback(request, *callback_args, **callback_kwargs)
               ^^^^^^^^^^^^^^^^^^^^^^^^^^^^^^^^^^^^^^^^^^^^^^^^^^^^^^^^^^^^
  File "/app/blog/views.py", line 103, in post_list
    return render(
           ^^^^^^^
  File "/usr/local/lib/python3.12/site-packages/django/shortcuts.py", line 25, in render
    content = loader.render_to_string(template_name, context, request, using=using)
              ^^^^^^^^^^^^^^^^^^^^^^^^^^^^^^^^^^^^^^^^^^^^^^^^^^^^^^^^^^^^^^^^^^^^^
  File "/usr/local/lib/python3.12/site-packages/django/template/loader.py", line 62, in render_to_string
    return template.render(context, request)
           ^^^^^^^^^^^^^^^^^^^^^^^^^^^^^^^^^
  File "/usr/local/lib/python3.12/site-packages/django/template/backends/django.py", line 109, in render
    reraise(exc, self.backend)
  File "/usr/local/lib/python3.12/site-packages/django/template/backends/django.py", line 130, in reraise
    raise new from exc
django.template.exceptions.TemplateDoesNotExist: pagination.html
"GET /blog/ HTTP/1.1" 500 145509
Not Found: /favicon.ico
"GET /favicon.ico HTTP/1.1" 404 2711
Internal Server Error: /blog/
Traceback (most recent call last):
  File "/usr/local/lib/python3.12/site-packages/django/template/backends/django.py", line 107, in render
    return self.template.render(context)
           ^^^^^^^^^^^^^^^^^^^^^^^^^^^^^
  File "/usr/local/lib/python3.12/site-packages/django/template/base.py", line 174, in render
    return self._render(context)
           ^^^^^^^^^^^^^^^^^^^^^
  File "/usr/local/lib/python3.12/site-packages/django/template/base.py", line 166, in _render
    return self.nodelist.render(context)
           ^^^^^^^^^^^^^^^^^^^^^^^^^^^^^
  File "/usr/local/lib/python3.12/site-packages/django/template/base.py", line 1091, in render
    return SafeString("".join([node.render_annotated(context) for node in self]))
                               ^^^^^^^^^^^^^^^^^^^^^^^^^^^^^^
  File "/usr/local/lib/python3.12/site-packages/django/template/base.py", line 1052, in render_annotated
    return self.render(context)
           ^^^^^^^^^^^^^^^^^^^^
  File "/usr/local/lib/python3.12/site-packages/django/template/loader_tags.py", line 160, in render
    return compiled_parent._render(context)
           ^^^^^^^^^^^^^^^^^^^^^^^^^^^^^^^^
  File "/usr/local/lib/python3.12/site-packages/django/template/base.py", line 166, in _render
    return self.nodelist.render(context)
           ^^^^^^^^^^^^^^^^^^^^^^^^^^^^^
  File "/usr/local/lib/python3.12/site-packages/django/template/base.py", line 1091, in render
    return SafeString("".join([node.render_annotated(context) for node in self]))
                               ^^^^^^^^^^^^^^^^^^^^^^^^^^^^^^
  File "/usr/local/lib/python3.12/site-packages/django/template/base.py", line 1052, in render_annotated
    return self.render(context)
           ^^^^^^^^^^^^^^^^^^^^
  File "/usr/local/lib/python3.12/site-packages/django/template/loader_tags.py", line 66, in render
    result = block.nodelist.render(context)
             ^^^^^^^^^^^^^^^^^^^^^^^^^^^^^^
  File "/usr/local/lib/python3.12/site-packages/django/template/base.py", line 1091, in render
    return SafeString("".join([node.render_annotated(context) for node in self]))
                               ^^^^^^^^^^^^^^^^^^^^^^^^^^^^^^
  File "/usr/local/lib/python3.12/site-packages/django/template/base.py", line 1052, in render_annotated
    return self.render(context)
           ^^^^^^^^^^^^^^^^^^^^
  File "/usr/local/lib/python3.12/site-packages/django/template/loader_tags.py", line 200, in render
    template = context.template.engine.select_template(template_name)
               ^^^^^^^^^^^^^^^^^^^^^^^^^^^^^^^^^^^^^^^^^^^^^^^^^^^^^^
  File "/usr/local/lib/python3.12/site-packages/django/template/engine.py", line 234, in select_template
    raise TemplateDoesNotExist(", ".join(not_found))
django.template.exceptions.TemplateDoesNotExist: pagination.html

The above exception was the direct cause of the following exception:

Traceback (most recent call last):
  File "/usr/local/lib/python3.12/site-packages/django/core/handlers/exception.py", line 55, in inner
    response = get_response(request)
               ^^^^^^^^^^^^^^^^^^^^^
  File "/usr/local/lib/python3.12/site-packages/django/core/handlers/base.py", line 198, in _get_response
    response = wrapped_callback(request, *callback_args, **callback_kwargs)
               ^^^^^^^^^^^^^^^^^^^^^^^^^^^^^^^^^^^^^^^^^^^^^^^^^^^^^^^^^^^^
  File "/app/blog/views.py", line 103, in post_list
    return render(
           ^^^^^^^
  File "/usr/local/lib/python3.12/site-packages/django/shortcuts.py", line 25, in render
    content = loader.render_to_string(template_name, context, request, using=using)
              ^^^^^^^^^^^^^^^^^^^^^^^^^^^^^^^^^^^^^^^^^^^^^^^^^^^^^^^^^^^^^^^^^^^^^
  File "/usr/local/lib/python3.12/site-packages/django/template/loader.py", line 62, in render_to_string
    return template.render(context, request)
           ^^^^^^^^^^^^^^^^^^^^^^^^^^^^^^^^^
  File "/usr/local/lib/python3.12/site-packages/django/template/backends/django.py", line 109, in render
    reraise(exc, self.backend)
  File "/usr/local/lib/python3.12/site-packages/django/template/backends/django.py", line 130, in reraise
    raise new from exc
django.template.exceptions.TemplateDoesNotExist: pagination.html
"GET /blog/ HTTP/1.1" 500 146617
"GET /blog/ HTTP/1.1" 200 6984
Watching for file changes with StatReloader
"GET /blog/ HTTP/1.1" 200 6984
"GET /static/css/blog.css HTTP/1.1" 200 1451
Not Found: /favicon.ico
"GET /favicon.ico HTTP/1.1" 404 2711
"GET /blog/2026/5/3/django/ HTTP/1.1" 200 3423
"GET /blog/?page=2 HTTP/1.1" 200 4638
"GET /blog/?page=1 HTTP/1.1" 200 6984
"GET /blog/?page=1 HTTP/1.1" 200 6984
"GET /blog/?page=2 HTTP/1.1" 200 4638
"GET /blog/?page=1 HTTP/1.1" 200 6984
"GET /blog/?page=1 HTTP/1.1" 200 7212
"GET /static/css/blog.css HTTP/1.1" 200 2017
Not Found: /favicon.ico
"GET /favicon.ico HTTP/1.1" 404 2711
"GET /blog/?page=2 HTTP/1.1" 200 4870
"GET /static/css/blog.css HTTP/1.1" 304 0
"GET /blog/?page=1 HTTP/1.1" 200 7212
"GET /static/css/blog.css HTTP/1.1" 304 0
"GET /blog/?page=1 HTTP/1.1" 200 7001
"GET /static/css/blog.css HTTP/1.1" 304 0
"GET /blog/?page=2 HTTP/1.1" 200 4655
"GET /static/css/blog.css HTTP/1.1" 304 0
"GET /blog/?page=1 HTTP/1.1" 200 7001
"GET /blog/?page=2 HTTP/1.1" 200 4655
"GET /static/css/blog.css HTTP/1.1" 304 0
"GET /blog/?page=1 HTTP/1.1" 200 7001
"GET /static/css/blog.css HTTP/1.1" 304 0
"GET /blog/?page=2 HTTP/1.1" 200 4655
"GET /blog/?page=1 HTTP/1.1" 200 7001
"GET /blog/?page=2 HTTP/1.1" 200 4655
"GET /static/css/blog.css HTTP/1.1" 304 0
"GET /blog/?page=1 HTTP/1.1" 200 7001
"GET /blog/?page=2 HTTP/1.1" 200 4655
"GET /static/css/blog.css HTTP/1.1" 304 0
"GET /blog/?page=1 HTTP/1.1" 200 7001
"GET /blog/?page=2 HTTP/1.1" 200 4655
"GET /static/css/blog.css HTTP/1.1" 304 0
"GET /blog/?page=1 HTTP/1.1" 200 7001
"GET /blog/?page=2 HTTP/1.1" 200 4655
"GET /static/css/blog.css HTTP/1.1" 304 0
"GET /blog/?page=2 HTTP/1.1" 200 4656
"GET /static/css/blog.css HTTP/1.1" 200 2818
"GET /blog/?page=1 HTTP/1.1" 200 7002
"GET /static/css/blog.css HTTP/1.1" 304 0
"GET /blog/?page=1 HTTP/1.1" 200 7002
"GET /static/css/blog.css HTTP/1.1" 200 2818
Not Found: /favicon.ico
"GET /favicon.ico HTTP/1.1" 404 2711
"GET /blog/?page=2 HTTP/1.1" 200 4656
"GET /static/css/blog.css HTTP/1.1" 304 0
"GET /blog/?page=1 HTTP/1.1" 200 7002
"GET /static/css/blog.css HTTP/1.1" 304 0
"GET /blog/?page=1 HTTP/1.1" 200 7002
"GET /static/css/blog.css HTTP/1.1" 304 0
"GET /blog/?page=2 HTTP/1.1" 200 4656
"GET /blog/?page=1 HTTP/1.1" 200 7002
"GET /static/css/blog.css HTTP/1.1" 304 0
"GET /blog/?page=2 HTTP/1.1" 200 4656
"GET /blog/?page=1 HTTP/1.1" 200 7002
"GET /static/css/blog.css HTTP/1.1" 304 0
"GET /blog/?page=1 HTTP/1.1" 200 7002
"GET /static/css/blog.css HTTP/1.1" 304 0
"GET /blog/?page=1 HTTP/1.1" 200 7002
"GET /static/css/blog.css HTTP/1.1" 200 2818
Not Found: /favicon.ico
"GET /favicon.ico HTTP/1.1" 404 2711
"GET /blog/?page=1 HTTP/1.1" 200 7002
"GET /static/css/blog.css HTTP/1.1" 200 2369
Not Found: /favicon.ico
"GET /favicon.ico HTTP/1.1" 404 2711
"GET /blog/?page=2 HTTP/1.1" 200 4656
"GET /static/css/blog.css HTTP/1.1" 304 0
"GET /blog/?page=1 HTTP/1.1" 200 7002
"GET /static/css/blog.css HTTP/1.1" 304 0
"GET /blog/?page=1 HTTP/1.1" 200 7062
"GET /static/css/blog.css HTTP/1.1" 200 2569
Not Found: /favicon.ico
"GET /favicon.ico HTTP/1.1" 404 2711
"GET /blog/?page=2 HTTP/1.1" 200 4712
"GET /static/css/blog.css HTTP/1.1" 304 0
"GET /blog/?page=1 HTTP/1.1" 200 7062
"GET /static/css/blog.css HTTP/1.1" 304 0
"GET /blog/?page=2 HTTP/1.1" 200 4712
"GET /static/css/blog.css HTTP/1.1" 304 0
"GET /blog/?page=1 HTTP/1.1" 200 7062
"GET /static/css/blog.css HTTP/1.1" 304 0
/app/my_site/settings.py changed, reloading.
Watching for file changes with StatReloader
